2025-03-24 22:32:55 [scrapy.utils.log] INFO: Scrapy 2.12.0 started (bot: books)
2025-03-24 22:32:55 [scrapy.utils.log] INFO: Versions: lxml 5.3.1.0, libxml2 2.11.7, cssselect 1.3.0, parsel 1.10.0, w3lib 2.3.1, Twisted 24.11.0, Python 3.13.0 (tags/v3.13.0:60403a5, Oct  7 2024, 09:38:07) [MSC v.1941 64 bit (AMD64)], pyOpenSSL 25.0.0 (OpenSSL 3.4.1 11 Feb 2025), cryptography 44.0.2, Platform Windows-10-10.0.19045-SP0
2025-03-24 22:32:55 [scrapy.addons] INFO: Enabled addons:
[]
2025-03-24 22:32:55 [scrapy.extensions.telnet] INFO: Telnet Password: ec84e46f2cd0f5a0
2025-03-24 22:32:55 [scrapy.middleware] INFO: Enabled extensions:
['scrapy.extensions.corestats.CoreStats',
 'scrapy.extensions.telnet.TelnetConsole',
 'scrapy.extensions.logstats.LogStats']
2025-03-24 22:32:55 [scrapy.crawler] INFO: Overridden settings:
{'BOT_NAME': 'books',
 'FEED_EXPORT_ENCODING': 'utf-8',
 'LOG_ENABLED': False,
 'LOG_FILE': 'book_scraper.log',
 'LOG_LEVEL': 'INFO',
 'NEWSPIDER_MODULE': 'books.spiders',
 'ROBOTSTXT_OBEY': True,
 'SPIDER_MODULES': ['books.spiders'],
 'TWISTED_REACTOR': 'twisted.internet.asyncioreactor.AsyncioSelectorReactor'}
2025-03-24 22:32:56 [scrapy.middleware] INFO: Enabled downloader middlewares:
['scrapy.downloadermiddlewares.offsite.OffsiteMiddleware',
 'scrapy.downloadermiddlewares.robotstxt.RobotsTxtMiddleware',
 'scrapy.downloadermiddlewares.httpauth.HttpAuthMiddleware',
 'scrapy.downloadermiddlewares.downloadtimeout.DownloadTimeoutMiddleware',
 'scrapy.downloadermiddlewares.defaultheaders.DefaultHeadersMiddleware',
 'scrapy.downloadermiddlewares.useragent.UserAgentMiddleware',
 'scrapy.downloadermiddlewares.retry.RetryMiddleware',
 'scrapy.downloadermiddlewares.redirect.MetaRefreshMiddleware',
 'scrapy.downloadermiddlewares.httpcompression.HttpCompressionMiddleware',
 'scrapy.downloadermiddlewares.redirect.RedirectMiddleware',
 'scrapy.downloadermiddlewares.cookies.CookiesMiddleware',
 'scrapy.downloadermiddlewares.httpproxy.HttpProxyMiddleware',
 'scrapy.downloadermiddlewares.stats.DownloaderStats']
2025-03-24 22:32:56 [scrapy.middleware] INFO: Enabled spider middlewares:
['scrapy.spidermiddlewares.httperror.HttpErrorMiddleware',
 'scrapy.spidermiddlewares.referer.RefererMiddleware',
 'scrapy.spidermiddlewares.urllength.UrlLengthMiddleware',
 'scrapy.spidermiddlewares.depth.DepthMiddleware']
2025-03-24 22:32:57 [scrapy.middleware] INFO: Enabled item pipelines:
['books.pipelines.BooksPipeline']
2025-03-24 22:32:57 [scrapy.core.engine] INFO: Spider opened
2025-03-24 22:32:57 [scrapy.extensions.logstats] INFO: Crawled 0 pages (at 0 pages/min), scraped 0 items (at 0 items/min)
2025-03-24 22:32:57 [scrapy.extensions.telnet] INFO: Telnet console listening on 127.0.0.1:6023
2025-03-24 22:33:00 [book] INFO: Following next page: https://books.toscrape.com/catalogue/page-2.html
2025-03-24 22:33:00 [scrapy.core.engine] INFO: Closing spider (finished)
2025-03-24 22:33:00 [scrapy.statscollectors] INFO: Dumping Scrapy stats:
{'downloader/request_bytes': 448,
 'downloader/request_count': 2,
 'downloader/request_method_count/GET': 2,
 'downloader/response_bytes': 51883,
 'downloader/response_count': 2,
 'downloader/response_status_count/200': 1,
 'downloader/response_status_count/404': 1,
 'elapsed_time_seconds': 3.602866,
 'finish_reason': 'finished',
 'finish_time': datetime.datetime(2025, 3, 24, 19, 33, 0, 754977, tzinfo=datetime.timezone.utc),
 'items_per_minute': None,
 'log_count/INFO': 11,
 'response_received_count': 2,
 'responses_per_minute': None,
 'robotstxt/request_count': 1,
 'robotstxt/response_count': 1,
 'robotstxt/response_status_count/404': 1,
 'scheduler/dequeued': 1,
 'scheduler/dequeued/memory': 1,
 'scheduler/enqueued': 1,
 'scheduler/enqueued/memory': 1,
 'start_time': datetime.datetime(2025, 3, 24, 19, 32, 57, 152111, tzinfo=datetime.timezone.utc)}
2025-03-24 22:33:00 [scrapy.core.engine] INFO: Spider closed (finished)
